[
    {
        "Id": "a45dfc3ff46646709f89bdb0ff25c0a0043775ca7ed8f9339f1e39d8caeb922f",
        "Created": "2022-06-19T19:43:14.2777045Z",
        "Path": "bash",
        "Args": [],
        "State": {
            "Status": "running",
            "Running": true,
            "Paused": false,
            "Restarting": false,
            "OOMKilled": false,
            "Dead": false,
            "Pid": 1758,
            "ExitCode": 0,
            "Error": "",
            "StartedAt": "2022-06-19T19:44:11.6669307Z",
            "FinishedAt": "2022-06-19T19:43:23.1833544Z"
        },
        "Image": "sha256:ad080923604aa54962e903125cd9a860605c111bc45afc7d491cd8c77dccc13b",
        "ResolvConfPath": "/var/lib/docker/containers/a45dfc3ff46646709f89bdb0ff25c0a0043775ca7ed8f9339f1e39d8caeb922f/resolv.conf",
        "HostnamePath": "/var/lib/docker/containers/a45dfc3ff46646709f89bdb0ff25c0a0043775ca7ed8f9339f1e39d8caeb922f/hostname",
        "HostsPath": "/var/lib/docker/containers/a45dfc3ff46646709f89bdb0ff25c0a0043775ca7ed8f9339f1e39d8caeb922f/hosts",
        "LogPath": "/var/lib/docker/containers/a45dfc3ff46646709f89bdb0ff25c0a0043775ca7ed8f9339f1e39d8caeb922f/a45dfc3ff46646709f89bdb0ff25c0a0043775ca7ed8f9339f1e39d8caeb922f-json.log",
        "Name": "/gifted_murdock",
        "RestartCount": 0,
        "Driver": "overlay2",
        "Platform": "linux",
        "MountLabel": "",
        "ProcessLabel": "",
        "AppArmorProfile": "",
        "ExecIDs": null,
        "HostConfig": {
            "Binds": null,
            "ContainerIDFile": "",
            "LogConfig": {
                "Type": "json-file",
                "Config": {}
            },
            "NetworkMode": "default",
            "PortBindings": {},
            "RestartPolicy": {
                "Name": "no",
                "MaximumRetryCount": 0
            },
            "AutoRemove": false,
            "VolumeDriver": "",
            "VolumesFrom": null,
            "CapAdd": null,
            "CapDrop": null,
            "CgroupnsMode": "host",
            "Dns": [],
            "DnsOptions": [],
            "DnsSearch": [],
            "ExtraHosts": null,
            "GroupAdd": null,
            "IpcMode": "private",
            "Cgroup": "",
            "Links": null,
            "OomScoreAdj": 0,
            "PidMode": "",
            "Privileged": false,
            "PublishAllPorts": false,
            "ReadonlyRootfs": false,
            "SecurityOpt": null,
            "UTSMode": "",
            "UsernsMode": "",
            "ShmSize": 67108864,
            "Runtime": "runc",
            "ConsoleSize": [
                0,
                0
            ],
            "Isolation": "",
            "CpuShares": 0,
            "Memory": 0,
            "NanoCpus": 0,
            "CgroupParent": "",
            "BlkioWeight": 0,
            "BlkioWeightDevice": [],
            "BlkioDeviceReadBps": null,
            "BlkioDeviceWriteBps": null,
            "BlkioDeviceReadIOps": null,
            "BlkioDeviceWriteIOps": null,
            "CpuPeriod": 0,
            "CpuQuota": 0,
            "CpuRealtimePeriod": 0,
            "CpuRealtimeRuntime": 0,
            "CpusetCpus": "",
            "CpusetMems": "",
            "Devices": [],
            "DeviceCgroupRules": null,
            "DeviceRequests": null,
            "KernelMemory": 0,
            "KernelMemoryTCP": 0,
            "MemoryReservation": 0,
            "MemorySwap": 0,
            "MemorySwappiness": null,
            "OomKillDisable": false,
            "PidsLimit": null,
            "Ulimits": null,
            "CpuCount": 0,
            "CpuPercent": 0,
            "IOMaximumIOps": 0,
            "IOMaximumBandwidth": 0,
            "MaskedPaths": [
                "/proc/asound",
                "/proc/acpi",
                "/proc/kcore",
                "/proc/keys",
                "/proc/latency_stats",
                "/proc/timer_list",
                "/proc/timer_stats",
                "/proc/sched_debug",
                "/proc/scsi",
                "/sys/firmware"
            ],
            "ReadonlyPaths": [
                "/proc/bus",
                "/proc/fs",
                "/proc/irq",
                "/proc/sys",
                "/proc/sysrq-trigger"
            ]
        },
        "GraphDriver": {
            "Data": {
                "LowerDir": "/var/lib/docker/overlay2/22db02440251776588321973ee0c309fd2cf25081d7a79a1a2c33851a3c4c93e-init/diff:/var/lib/docker/overlay2/72a568463260fc62c31d817f5b6d62a48831649e4e55daec41f912b49840857b/diff",
                "MergedDir": "/var/lib/docker/overlay2/22db02440251776588321973ee0c309fd2cf25081d7a79a1a2c33851a3c4c93e/merged",
                "UpperDir": "/var/lib/docker/overlay2/22db02440251776588321973ee0c309fd2cf25081d7a79a1a2c33851a3c4c93e/diff",
                "WorkDir": "/var/lib/docker/overlay2/22db02440251776588321973ee0c309fd2cf25081d7a79a1a2c33851a3c4c93e/work"
            },
            "Name": "overlay2"
        },
        "Mounts": [],
        "Config": {
            "Hostname": "a45dfc3ff466",
            "Domainname": "",
            "User": "",
            "AttachStdin": true,
            "AttachStdout": true,
            "AttachStderr": true,
            "Tty": true,
            "OpenStdin": true,
            "StdinOnce": true,
            "Env": [
                "PATH=/usr/local/sbin:/usr/local/bin:/usr/sbin:/usr/bin:/sbin:/bin"
            ],
            "Cmd": [
                "bash"
            ],
            "Image": "ubuntu:18.04",
            "Volumes": null,
            "WorkingDir": "",
            "Entrypoint": null,
            "OnBuild": null,
            "Labels": {
                "desktop.docker.io/wsl-distro": "Ubuntu"
            }
        },
        "NetworkSettings": {
            "Bridge": "",
            "SandboxID": "4b7ce63560869cb98ce82151d30a72afcee56266be51b4ad962747e4f3eb9d5f",
            "HairpinMode": false,
            "LinkLocalIPv6Address": "",
            "LinkLocalIPv6PrefixLen": 0,
            "Ports": {},
            "SandboxKey": "/var/run/docker/netns/4b7ce6356086",
            "SecondaryIPAddresses": null,
            "SecondaryIPv6Addresses": null,
            "EndpointID": "7d98b8c674565df7818b32521db38202071d6ba4e1041731c7f21ec5b755d6aa",
            "Gateway": "172.17.0.1",
            "GlobalIPv6Address": "",
            "GlobalIPv6PrefixLen": 0,
            "IPAddress": "172.17.0.3",
            "IPPrefixLen": 16,
            "IPv6Gateway": "",
            "MacAddress": "02:42:ac:11:00:03",
            "Networks": {
                "bridge": {
                    "IPAMConfig": null,
                    "Links": null,
                    "Aliases": null,
                    "NetworkID": "9b08608264a4a1dab786503aa17350563249f5e89180d3d01e0fcaae6a37a016",
                    "EndpointID": "7d98b8c674565df7818b32521db38202071d6ba4e1041731c7f21ec5b755d6aa",
                    "Gateway": "172.17.0.1",
                    "IPAddress": "172.17.0.3",
                    "IPPrefixLen": 16,
                    "IPv6Gateway": "",
                    "GlobalIPv6Address": "",
                    "GlobalIPv6PrefixLen": 0,
                    "MacAddress": "02:42:ac:11:00:03",
                    "DriverOpts": null
                }
            }
        }
    }
]
